<?xml version="1.0" encoding="UTF-8"?>
<!-- Generated by org.testng.reporters.JUnitReportReporter -->
<testsuite hostname="LMC-LT-066" failures="0" tests="2" name="TestClass.LoginTestClass" time="16.735" errors="0" timestamp="2022-08-16T10:43:53 IST" skipped="0">
  <testcase classname="TestClass.LoginTestClass" name="ValidateTitleTest" time="5.026"/>
  <system-out/>
  <testcase classname="TestClass.LoginTestClass" name="ValidateLoginCredinatilTest" time="11.709"/>
  <system-out/>
</testsuite> <!-- TestClass.LoginTestClass -->
